<?xml version="1.0" encoding="utf-8" standalone="no"?>
<!--This file represents the results of running a test suite-->
<test-results name="C:\data\code\csharp-sample\Shippable.CSharpSample\Shippable.CSharpSample.Tests\bin\Debug\Shippable.CSharpSample.Tests.dll" total="2" errors="1" failures="0" not-run="0" inconclusive="0" ignored="0" skipped="0" invalid="0" date="2013-09-24" time="23:43:36">
  <environment nunit-version="2.6.2.12296" clr-version="2.0.50727.6407" os-version="Microsoft Windows NT 6.2.9200.0" platform="Win32NT" cwd="C:\data\code\csharp-sample\Shippable.CSharpSample" machine-name="LUCID" user="Ragesh" user-domain="LUCID" />
  <culture-info current-culture="en-IN" current-uiculture="en-US" />
  <test-suite type="Assembly" name="C:\data\code\csharp-sample\Shippable.CSharpSample\Shippable.CSharpSample.Tests\bin\Debug\Shippable.CSharpSample.Tests.dll" executed="True" result="Failure" success="False" time="0.263" asserts="0">
    <results>
      <test-suite type="Namespace" name="Shippable" executed="True" result="Failure" success="False" time="0.227" asserts="0">
        <results>
          <test-suite type="Namespace" name="CSharpSample" executed="True" result="Failure" success="False" time="0.227" asserts="0">
            <results>
              <test-suite type="Namespace" name="Tests" executed="True" result="Failure" success="False" time="0.226" asserts="0">
                <results>
                  <test-suite type="TestFixture" name="CalculatorTests" executed="True" result="Failure" success="False" time="0.224" asserts="0">
                    <results>
                      <test-case name="Shippable.CSharpSample.Tests.CalculatorTests.CanAdd" executed="True" result="Success" success="True" time="0.055" asserts="1" />
                      <test-case name="Shippable.CSharpSample.Tests.CalculatorTests.CanSubtract" executed="True" result="Error" success="False" time="0.123" asserts="0">
                        <failure>
                          <message><![CDATA[System.NotImplementedException : The method or operation is not implemented.]]></message>
                          <stack-trace><![CDATA[at Shippable.CSharpSample.Calculator.Subtract(Int32 a, Int32 b) in c:\Data\code\csharp-sample\Shippable.CSharpSample\Shippable.CSharpSample\Calculator.cs:line 18
at Shippable.CSharpSample.Tests.CalculatorTests.CanSubtract() in c:\Data\code\csharp-sample\Shippable.CSharpSample\Shippable.CSharpSample.Tests\CalculatorTests.cs:line 24
]]></stack-trace>
                        </failure>
                      </test-case>
                    </results>
                  </test-suite>
                </results>
              </test-suite>
            </results>
          </test-suite>
        </results>
      </test-suite>
    </results>
  </test-suite>
</test-results>